c:\users\user\documents\github\client_nowon_1800_2000\directx\winsimplerenderer\winsimplerenderer\x64\debug\vc143.pdb
c:\users\user\documents\github\client_nowon_1800_2000\directx\winsimplerenderer\winsimplerenderer\x64\debug\vc143.idb
c:\users\user\documents\github\client_nowon_1800_2000\directx\winsimplerenderer\winsimplerenderer\x64\debug\main.obj
c:\users\user\documents\github\client_nowon_1800_2000\directx\winsimplerenderer_\winsimplerenderer_step2\winsimplerenderer\x64\debug\vc143.pdb
c:\users\user\documents\github\client_nowon_1800_2000\directx\winsimplerenderer_\winsimplerenderer_step2\winsimplerenderer\x64\debug\vc143.idb
c:\users\user\documents\github\client_nowon_1800_2000\directx\winsimplerenderer_\winsimplerenderer_step2\winsimplerenderer\x64\debug\main.obj
c:\users\user\documents\github\client_nowon_1800_2000\directx\winsimplerenderer\winsimplerenderer\x64\debug\winsimplerenderer.ilk
c:\users\user\documents\github\client_nowon_1800_2000\directx\winsimplerenderer\bin\winsimplerenderer.exe
c:\users\user\documents\github\client_nowon_1800_2000\directx\winsimplerenderer\bin\winsimplerenderer.pdb
c:\users\user\documents\github\client_nowon_1800_2000\directx\winsimplerenderer_\winsimplerenderer_step2\bin\winsimplerenderer.exe
c:\users\user\documents\github\client_nowon_1800_2000\directx\winsimplerenderer_\winsimplerenderer_step2\winsimplerenderer\x64\debug\winsimplerenderer.ilk
c:\users\user\documents\github\client_nowon_1800_2000\directx\winsimplerenderer_\winsimplerenderer_step2\bin\winsimplerenderer.pdb
c:\users\user\documents\github\client_nowon_1800_2000\directx\winsimplerenderer_\winsimplerenderer_step3\winsimplerenderer\x64\debug\main.obj
c:\users\user\documents\github\client_nowon_1800_2000\directx\winsimplerenderer_\winsimplerenderer_step3\winsimplerenderer\x64\debug\winsimplerenderer.ilk
c:\users\user\documents\github\client_nowon_1800_2000\directx\winsimplerenderer_\winsimplerenderer_step3\winsimplerenderer\x64\debug\vc143.idb
c:\users\user\documents\github\client_nowon_1800_2000\directx\winsimplerenderer_\winsimplerenderer_step3\winsimplerenderer\x64\debug\vc143.pdb
c:\users\user\documents\github\client_nowon_1800_2000\directx\winsimplerenderer_\winsimplerenderer_step3\bin\winsimplerenderer.exe
c:\users\user\documents\github\client_nowon_1800_2000\directx\winsimplerenderer_\winsimplerenderer_step3\winsimplerenderer\x64\debug\winsimpl.b5137330.tlog\cl.command.1.tlog
c:\users\user\documents\github\client_nowon_1800_2000\directx\winsimplerenderer_\winsimplerenderer_step3\winsimplerenderer\x64\debug\winsimpl.b5137330.tlog\cl.read.1.tlog
c:\users\user\documents\github\client_nowon_1800_2000\directx\winsimplerenderer_\winsimplerenderer_step3\winsimplerenderer\x64\debug\winsimpl.b5137330.tlog\cl.write.1.tlog
c:\users\user\documents\github\client_nowon_1800_2000\directx\winsimplerenderer_\winsimplerenderer_step3\winsimplerenderer\x64\debug\winsimpl.b5137330.tlog\link.command.1.tlog
c:\users\user\documents\github\client_nowon_1800_2000\directx\winsimplerenderer_\winsimplerenderer_step3\winsimplerenderer\x64\debug\winsimpl.b5137330.tlog\link.read.1.tlog
c:\users\user\documents\github\client_nowon_1800_2000\directx\winsimplerenderer_\winsimplerenderer_step3\winsimplerenderer\x64\debug\winsimpl.b5137330.tlog\link.write.1.tlog
