  CAPI_Engine.cpp
C:\Users\User\Documents\GitHub\Client_Nowon_1800_2000\Win_api_start\WinAPiShootor\WinApiShootor_step8\WinApiEngine\SVector2D.h(146,14): warning C4244: 'return': 'double'에서 'float'(으)로 변환하면서 데이터가 손실될 수 있습니다.
C:\Users\User\Documents\GitHub\Client_Nowon_1800_2000\Win_api_start\WinAPiShootor\WinApiShootor_step8\WinApiEngine\CAPI_Engine.cpp(253,81): warning C4244: '인수': 'float'에서 'int'(으)로 변환하면서 데이터가 손실될 수 있습니다.
C:\Users\User\Documents\GitHub\Client_Nowon_1800_2000\Win_api_start\WinAPiShootor\WinApiShootor_step8\WinApiEngine\CAPI_Engine.cpp(253,67): warning C4244: '인수': 'float'에서 'int'(으)로 변환하면서 데이터가 손실될 수 있습니다.
C:\Users\User\Documents\GitHub\Client_Nowon_1800_2000\Win_api_start\WinAPiShootor\WinApiShootor_step8\WinApiEngine\CAPI_Engine.cpp(253,53): warning C4244: '인수': 'float'에서 'int'(으)로 변환하면서 데이터가 손실될 수 있습니다.
C:\Users\User\Documents\GitHub\Client_Nowon_1800_2000\Win_api_start\WinAPiShootor\WinApiShootor_step8\WinApiEngine\CAPI_Engine.cpp(253,39): warning C4244: '인수': 'float'에서 'int'(으)로 변환하면서 데이터가 손실될 수 있습니다.
C:\Users\User\Documents\GitHub\Client_Nowon_1800_2000\Win_api_start\WinAPiShootor\WinApiShootor_step8\WinApiEngine\CAPI_Engine.cpp(260,13): warning C4244: '인수': 'float'에서 'int'(으)로 변환하면서 데이터가 손실될 수 있습니다.
C:\Users\User\Documents\GitHub\Client_Nowon_1800_2000\Win_api_start\WinAPiShootor\WinApiShootor_step8\WinApiEngine\CAPI_Engine.cpp(260,9): warning C4244: '인수': 'float'에서 'int'(으)로 변환하면서 데이터가 손실될 수 있습니다.
  CCollider.cpp
C:\Users\User\Documents\GitHub\Client_Nowon_1800_2000\Win_api_start\WinAPiShootor\WinApiShootor_step8\WinApiEngine\SVector2D.h(146,14): warning C4244: 'return': 'double'에서 'float'(으)로 변환하면서 데이터가 손실될 수 있습니다.
  CCollisionMgr.cpp
C:\Users\User\Documents\GitHub\Client_Nowon_1800_2000\Win_api_start\WinAPiShootor\WinApiShootor_step8\WinApiEngine\SVector2D.h(146,14): warning C4244: 'return': 'double'에서 'float'(으)로 변환하면서 데이터가 손실될 수 있습니다.
  CObjectAPI.cpp
C:\Users\User\Documents\GitHub\Client_Nowon_1800_2000\Win_api_start\WinAPiShootor\WinApiShootor_step8\WinApiEngine\SVector2D.h(146,14): warning C4244: 'return': 'double'에서 'float'(으)로 변환하면서 데이터가 손실될 수 있습니다.
  CUnit.cpp
C:\Users\User\Documents\GitHub\Client_Nowon_1800_2000\Win_api_start\WinAPiShootor\WinApiShootor_step8\WinApiEngine\SVector2D.h(146,14): warning C4244: 'return': 'double'에서 'float'(으)로 변환하면서 데이터가 손실될 수 있습니다.
C:\Users\User\Documents\GitHub\Client_Nowon_1800_2000\Win_api_start\WinAPiShootor\WinApiShootor_step8\WinApiEngine\CUnit.cpp(70,33): warning C4244: '=': 'LONG'에서 'float'(으)로 변환하면서 데이터가 손실될 수 있습니다.
C:\Users\User\Documents\GitHub\Client_Nowon_1800_2000\Win_api_start\WinAPiShootor\WinApiShootor_step8\WinApiEngine\CUnit.cpp(71,34): warning C4244: '=': 'LONG'에서 'float'(으)로 변환하면서 데이터가 손실될 수 있습니다.
  코드를 생성하고 있습니다...
  WinApiEngine.vcxproj -> C:\Users\User\Documents\GitHub\Client_Nowon_1800_2000\Win_api_start\WinAPiShootor\WinApiShootor_step8\bin\WinApiEngine.lib
