c:\users\user\documents\github\client_nowon_1800_2000\winapi\winapimatchpuzzle\winapimatchpuzzle_step2\bin\winapiengine.pdb
c:\users\user\documents\github\client_nowon_1800_2000\winapi\winapimatchpuzzle\winapimatchpuzzle_step2\bin\winapiengine.idb
c:\users\user\documents\github\client_nowon_1800_2000\winapi\winapimatchpuzzle\winapimatchpuzzle_step2\winapiengine\x64\debug\svector2d.obj
c:\users\user\documents\github\client_nowon_1800_2000\winapi\winapimatchpuzzle\winapimatchpuzzle_step2\winapiengine\x64\debug\cunit.obj
c:\users\user\documents\github\client_nowon_1800_2000\winapi\winapimatchpuzzle\winapimatchpuzzle_step2\winapiengine\x64\debug\ctexture.obj
c:\users\user\documents\github\client_nowon_1800_2000\winapi\winapimatchpuzzle\winapimatchpuzzle_step2\winapiengine\x64\debug\cref.obj
c:\users\user\documents\github\client_nowon_1800_2000\winapi\winapimatchpuzzle\winapimatchpuzzle_step2\winapiengine\x64\debug\cobjectapi.obj
c:\users\user\documents\github\client_nowon_1800_2000\winapi\winapimatchpuzzle\winapimatchpuzzle_step2\winapiengine\x64\debug\cinputmgr.obj
c:\users\user\documents\github\client_nowon_1800_2000\winapi\winapimatchpuzzle\winapimatchpuzzle_step2\winapiengine\x64\debug\ccollisionmgr.obj
c:\users\user\documents\github\client_nowon_1800_2000\winapi\winapimatchpuzzle\winapimatchpuzzle_step2\winapiengine\x64\debug\ccollider.obj
c:\users\user\documents\github\client_nowon_1800_2000\winapi\winapimatchpuzzle\winapimatchpuzzle_step2\winapiengine\x64\debug\capi_engine.obj
c:\users\user\documents\github\client_nowon_1800_2000\winapi\winapimatchpuzzle\winapimatchpuzzle_step2\winapiengine\x64\debug\caniseq.obj
c:\users\user\documents\github\client_nowon_1800_2000\winapi\winapimatchpuzzle\winapimatchpuzzle_step2\winapiengine\x64\debug\canimator.obj
c:\users\user\documents\github\client_nowon_1800_2000\winapi\winapimatchpuzzle\winapimatchpuzzle_step2\bin\winapiengine.lib
c:\users\user\documents\github\client_nowon_1800_2000\winapi\winapimatchpuzzle\winapimatchpuzzle_step3\winapiengine\x64\debug\canimator.obj
c:\users\user\documents\github\client_nowon_1800_2000\winapi\winapimatchpuzzle\winapimatchpuzzle_step3\winapiengine\x64\debug\caniseq.obj
c:\users\user\documents\github\client_nowon_1800_2000\winapi\winapimatchpuzzle\winapimatchpuzzle_step3\winapiengine\x64\debug\capi_engine.obj
c:\users\user\documents\github\client_nowon_1800_2000\winapi\winapimatchpuzzle\winapimatchpuzzle_step3\winapiengine\x64\debug\ccollider.obj
c:\users\user\documents\github\client_nowon_1800_2000\winapi\winapimatchpuzzle\winapimatchpuzzle_step3\winapiengine\x64\debug\ccollisionmgr.obj
c:\users\user\documents\github\client_nowon_1800_2000\winapi\winapimatchpuzzle\winapimatchpuzzle_step3\winapiengine\x64\debug\cinputmgr.obj
c:\users\user\documents\github\client_nowon_1800_2000\winapi\winapimatchpuzzle\winapimatchpuzzle_step3\winapiengine\x64\debug\cobjectapi.obj
c:\users\user\documents\github\client_nowon_1800_2000\winapi\winapimatchpuzzle\winapimatchpuzzle_step3\winapiengine\x64\debug\cref.obj
c:\users\user\documents\github\client_nowon_1800_2000\winapi\winapimatchpuzzle\winapimatchpuzzle_step3\winapiengine\x64\debug\ctexture.obj
c:\users\user\documents\github\client_nowon_1800_2000\winapi\winapimatchpuzzle\winapimatchpuzzle_step3\winapiengine\x64\debug\cunit.obj
c:\users\user\documents\github\client_nowon_1800_2000\winapi\winapimatchpuzzle\winapimatchpuzzle_step3\winapiengine\x64\debug\svector2d.obj
c:\users\user\documents\github\client_nowon_1800_2000\winapi\winapimatchpuzzle\winapimatchpuzzle_step3\bin\winapiengine.lib
c:\users\user\documents\github\client_nowon_1800_2000\winapi\winapimatchpuzzle\winapimatchpuzzle_step3\winapiengine\x64\debug\winapiengine.tlog\cl.command.1.tlog
c:\users\user\documents\github\client_nowon_1800_2000\winapi\winapimatchpuzzle\winapimatchpuzzle_step3\winapiengine\x64\debug\winapiengine.tlog\cl.read.1.tlog
c:\users\user\documents\github\client_nowon_1800_2000\winapi\winapimatchpuzzle\winapimatchpuzzle_step3\winapiengine\x64\debug\winapiengine.tlog\cl.write.1.tlog
c:\users\user\documents\github\client_nowon_1800_2000\winapi\winapimatchpuzzle\winapimatchpuzzle_step3\winapiengine\x64\debug\winapiengine.tlog\lib-link.read.1.tlog
c:\users\user\documents\github\client_nowon_1800_2000\winapi\winapimatchpuzzle\winapimatchpuzzle_step3\winapiengine\x64\debug\winapiengine.tlog\lib-link.write.1.tlog
c:\users\user\documents\github\client_nowon_1800_2000\winapi\winapimatchpuzzle\winapimatchpuzzle_step3\winapiengine\x64\debug\winapiengine.tlog\lib.command.1.tlog
