  CAPI_Engine.cpp
C:\Users\User\Documents\GitHub\Client_Nowon_1800_2000\WinApi\WinApiMatchPuzzle\WinApiMatchPuzzle_step6\WinAPiEngine\SVector2D.h(95,20): warning C4244: 'return': 'double'에서 'float'(으)로 변환하면서 데이터가 손실될 수 있습니다.
C:\Users\User\Documents\GitHub\Client_Nowon_1800_2000\WinApi\WinApiMatchPuzzle\WinApiMatchPuzzle_step6\WinAPiEngine\CAPI_Engine.cpp(56,85): warning C4244: '인수': 'float'에서 'int'(으)로 변환하면서 데이터가 손실될 수 있습니다.
C:\Users\User\Documents\GitHub\Client_Nowon_1800_2000\WinApi\WinApiMatchPuzzle\WinApiMatchPuzzle_step6\WinAPiEngine\CAPI_Engine.cpp(56,71): warning C4244: '인수': 'float'에서 'int'(으)로 변환하면서 데이터가 손실될 수 있습니다.
C:\Users\User\Documents\GitHub\Client_Nowon_1800_2000\WinApi\WinApiMatchPuzzle\WinApiMatchPuzzle_step6\WinAPiEngine\CAPI_Engine.cpp(56,57): warning C4244: '인수': 'float'에서 'int'(으)로 변환하면서 데이터가 손실될 수 있습니다.
C:\Users\User\Documents\GitHub\Client_Nowon_1800_2000\WinApi\WinApiMatchPuzzle\WinApiMatchPuzzle_step6\WinAPiEngine\CAPI_Engine.cpp(56,43): warning C4244: '인수': 'float'에서 'int'(으)로 변환하면서 데이터가 손실될 수 있습니다.
C:\Users\User\Documents\GitHub\Client_Nowon_1800_2000\WinApi\WinApiMatchPuzzle\WinApiMatchPuzzle_step6\WinAPiEngine\CAPI_Engine.cpp(103,13): warning C4244: '인수': 'float'에서 'int'(으)로 변환하면서 데이터가 손실될 수 있습니다.
C:\Users\User\Documents\GitHub\Client_Nowon_1800_2000\WinApi\WinApiMatchPuzzle\WinApiMatchPuzzle_step6\WinAPiEngine\CAPI_Engine.cpp(103,9): warning C4244: '인수': 'float'에서 'int'(으)로 변환하면서 데이터가 손실될 수 있습니다.
C:\Users\User\Documents\GitHub\Client_Nowon_1800_2000\WinApi\WinApiMatchPuzzle\WinApiMatchPuzzle_step6\WinAPiEngine\CAPI_Engine.cpp(130,13): warning C4244: '인수': 'float'에서 'int'(으)로 변환하면서 데이터가 손실될 수 있습니다.
C:\Users\User\Documents\GitHub\Client_Nowon_1800_2000\WinApi\WinApiMatchPuzzle\WinApiMatchPuzzle_step6\WinAPiEngine\CAPI_Engine.cpp(130,9): warning C4244: '인수': 'float'에서 'int'(으)로 변환하면서 데이터가 손실될 수 있습니다.
  CAnimator.cpp
  CCollisionMgr.cpp
C:\Users\User\Documents\GitHub\Client_Nowon_1800_2000\WinApi\WinApiMatchPuzzle\WinApiMatchPuzzle_step6\WinAPiEngine\SVector2D.h(95,20): warning C4244: 'return': 'double'에서 'float'(으)로 변환하면서 데이터가 손실될 수 있습니다.
  CObjectAPI.cpp
C:\Users\User\Documents\GitHub\Client_Nowon_1800_2000\WinApi\WinApiMatchPuzzle\WinApiMatchPuzzle_step6\WinAPiEngine\SVector2D.h(95,20): warning C4244: 'return': 'double'에서 'float'(으)로 변환하면서 데이터가 손실될 수 있습니다.
  CResourcesMgr.cpp
  CUnit.cpp
C:\Users\User\Documents\GitHub\Client_Nowon_1800_2000\WinApi\WinApiMatchPuzzle\WinApiMatchPuzzle_step6\WinAPiEngine\SVector2D.h(95,20): warning C4244: 'return': 'double'에서 'float'(으)로 변환하면서 데이터가 손실될 수 있습니다.
C:\Users\User\Documents\GitHub\Client_Nowon_1800_2000\WinApi\WinApiMatchPuzzle\WinApiMatchPuzzle_step6\WinAPiEngine\CUnit.cpp(139,36): warning C4244: '=': 'int'에서 'float'(으)로 변환하면서 데이터가 손실될 수 있습니다.
C:\Users\User\Documents\GitHub\Client_Nowon_1800_2000\WinApi\WinApiMatchPuzzle\WinApiMatchPuzzle_step6\WinAPiEngine\CUnit.cpp(140,37): warning C4244: '=': 'int'에서 'float'(으)로 변환하면서 데이터가 손실될 수 있습니다.
C:\Users\User\Documents\GitHub\Client_Nowon_1800_2000\WinApi\WinApiMatchPuzzle\WinApiMatchPuzzle_step6\WinAPiEngine\CUnit.cpp(149,35): warning C4244: '=': 'LONG'에서 'float'(으)로 변환하면서 데이터가 손실될 수 있습니다.
C:\Users\User\Documents\GitHub\Client_Nowon_1800_2000\WinApi\WinApiMatchPuzzle\WinApiMatchPuzzle_step6\WinAPiEngine\CUnit.cpp(150,36): warning C4244: '=': 'LONG'에서 'float'(으)로 변환하면서 데이터가 손실될 수 있습니다.
C:\Users\User\Documents\GitHub\Client_Nowon_1800_2000\WinApi\WinApiMatchPuzzle\WinApiMatchPuzzle_step6\WinAPiEngine\CUnit.cpp(172,39): warning C4244: '=': 'LONG'에서 'float'(으)로 변환하면서 데이터가 손실될 수 있습니다.
C:\Users\User\Documents\GitHub\Client_Nowon_1800_2000\WinApi\WinApiMatchPuzzle\WinApiMatchPuzzle_step6\WinAPiEngine\CUnit.cpp(173,40): warning C4244: '=': 'LONG'에서 'float'(으)로 변환하면서 데이터가 손실될 수 있습니다.
  코드를 생성하고 있습니다...
  WinAPiEngine.vcxproj -> C:\Users\User\Documents\GitHub\Client_Nowon_1800_2000\WinApi\WinApiMatchPuzzle\WinApiMatchPuzzle_step6\bin\WinAPiEngine.lib
