c:\users\user\documents\github\client_nowon_1800_2000\win_api_start\winapi_engine_step9\x64\debug\vc143.pdb
c:\users\user\documents\github\client_nowon_1800_2000\win_api_start\winapi_engine_step9\x64\debug\vc143.idb
c:\users\user\documents\github\client_nowon_1800_2000\win_api_start\winapi_engine_step9\x64\debug\main.obj
c:\users\user\documents\github\client_nowon_1800_2000\win_api_start\winapi_engine_step9\x64\debug\cunit.obj
c:\users\user\documents\github\client_nowon_1800_2000\win_api_start\winapi_engine_step9\x64\debug\ctexture.obj
c:\users\user\documents\github\client_nowon_1800_2000\win_api_start\winapi_engine_step9\x64\debug\cobjectapi.obj
c:\users\user\documents\github\client_nowon_1800_2000\win_api_start\winapi_engine_step9\x64\debug\capi_engine.obj
c:\users\user\documents\github\client_nowon_1800_2000\win_api_start\x64\debug\winapi_engine_step9.exe
c:\users\user\documents\github\client_nowon_1800_2000\win_api_start\winapi_engine_step9\x64\debug\winapi_engine_step9.ilk
c:\users\user\documents\github\client_nowon_1800_2000\win_api_start\x64\debug\winapi_engine_step9.pdb
c:\users\user\documents\github\client_nowon_1800_2000\win_api_start\winapi_engine_step9\x64\debug\winapi_engine_step0.res
c:\users\user\documents\github\client_nowon_1800_2000\win_api_start\winapi_engine_step9\x64\debug\cobjectapi.obj.enc
c:\users\user\documents\github\client_nowon_1800_2000\win_api_start\winapi_engine_step9\x64\debug\main.obj.enc
c:\users\user\documents\github\client_nowon_1800_2000\win_api_start\winapi_engine_step9\x64\debug\winapi_e.44e8e1fd.tlog\cl.command.1.tlog
c:\users\user\documents\github\client_nowon_1800_2000\win_api_start\winapi_engine_step9\x64\debug\winapi_e.44e8e1fd.tlog\cl.read.1.tlog
c:\users\user\documents\github\client_nowon_1800_2000\win_api_start\winapi_engine_step9\x64\debug\winapi_e.44e8e1fd.tlog\cl.write.1.tlog
c:\users\user\documents\github\client_nowon_1800_2000\win_api_start\winapi_engine_step9\x64\debug\winapi_e.44e8e1fd.tlog\link.command.1.tlog
c:\users\user\documents\github\client_nowon_1800_2000\win_api_start\winapi_engine_step9\x64\debug\winapi_e.44e8e1fd.tlog\link.read.1.tlog
c:\users\user\documents\github\client_nowon_1800_2000\win_api_start\winapi_engine_step9\x64\debug\winapi_e.44e8e1fd.tlog\link.write.1.tlog
c:\users\user\documents\github\client_nowon_1800_2000\win_api_start\winapi_engine_step9\x64\debug\winapi_e.44e8e1fd.tlog\rc.command.1.tlog
c:\users\user\documents\github\client_nowon_1800_2000\win_api_start\winapi_engine_step9\x64\debug\winapi_e.44e8e1fd.tlog\rc.read.1.tlog
c:\users\user\documents\github\client_nowon_1800_2000\win_api_start\winapi_engine_step9\x64\debug\winapi_e.44e8e1fd.tlog\rc.write.1.tlog
