c:\users\user\documents\github\client_nowon_1800_2000\win_api_start\winapi_engine_step11\x64\debug\vc143.pdb
c:\users\user\documents\github\client_nowon_1800_2000\win_api_start\winapi_engine_step11\x64\debug\vc143.idb
c:\users\user\documents\github\client_nowon_1800_2000\win_api_start\winapi_engine_step11\x64\debug\svector2d.obj
c:\users\user\documents\github\client_nowon_1800_2000\win_api_start\winapi_engine_step11\x64\debug\ctexture.obj
c:\users\user\documents\github\client_nowon_1800_2000\win_api_start\winapi_engine_step11\x64\debug\cref.obj
c:\users\user\documents\github\client_nowon_1800_2000\win_api_start\winapi_engine_step11\x64\debug\cobjectapi.obj
c:\users\user\documents\github\client_nowon_1800_2000\win_api_start\winapi_engine_step11\x64\debug\capi_engine.obj
c:\users\user\documents\github\client_nowon_1800_2000\win_api_start\winapi_engine_step11\x64\debug\cunit.obj
c:\users\user\documents\github\client_nowon_1800_2000\win_api_start\winapi_engine_step11\x64\debug\main.obj
c:\users\user\documents\github\client_nowon_1800_2000\win_api_start\x64\debug\winapi_engine_step11.exe
c:\users\user\documents\github\client_nowon_1800_2000\win_api_start\winapi_engine_step11\x64\debug\winapi_engine_step11.ilk
c:\users\user\documents\github\client_nowon_1800_2000\win_api_start\x64\debug\winapi_engine_step11.pdb
c:\users\user\documents\github\client_nowon_1800_2000\win_api_start\winapi_engine_step11\x64\debug\winapi_engine_step0.res
c:\users\user\documents\github\client_nowon_1800_2000\win_api_start\winapi_engine_step11\x64\debug\winapi_e.4eb7b17f.tlog\cl.command.1.tlog
c:\users\user\documents\github\client_nowon_1800_2000\win_api_start\winapi_engine_step11\x64\debug\winapi_e.4eb7b17f.tlog\cl.read.1.tlog
c:\users\user\documents\github\client_nowon_1800_2000\win_api_start\winapi_engine_step11\x64\debug\winapi_e.4eb7b17f.tlog\cl.write.1.tlog
c:\users\user\documents\github\client_nowon_1800_2000\win_api_start\winapi_engine_step11\x64\debug\winapi_e.4eb7b17f.tlog\link.command.1.tlog
c:\users\user\documents\github\client_nowon_1800_2000\win_api_start\winapi_engine_step11\x64\debug\winapi_e.4eb7b17f.tlog\link.read.1.tlog
c:\users\user\documents\github\client_nowon_1800_2000\win_api_start\winapi_engine_step11\x64\debug\winapi_e.4eb7b17f.tlog\link.write.1.tlog
c:\users\user\documents\github\client_nowon_1800_2000\win_api_start\winapi_engine_step11\x64\debug\winapi_e.4eb7b17f.tlog\rc.command.1.tlog
c:\users\user\documents\github\client_nowon_1800_2000\win_api_start\winapi_engine_step11\x64\debug\winapi_e.4eb7b17f.tlog\rc.read.1.tlog
c:\users\user\documents\github\client_nowon_1800_2000\win_api_start\winapi_engine_step11\x64\debug\winapi_e.4eb7b17f.tlog\rc.write.1.tlog
