c:\users\user\documents\github\client_nowon_1800_2000\win_api_start\winapishootor\winapishootor_step2\winapishootor\x64\debug\vc143.pdb
c:\users\user\documents\github\client_nowon_1800_2000\win_api_start\winapishootor\winapishootor_step2\winapishootor\x64\debug\vc143.idb
c:\users\user\documents\github\client_nowon_1800_2000\win_api_start\winapishootor\winapishootor_step2\winapishootor\x64\debug\main.obj
c:\users\user\documents\github\client_nowon_1800_2000\win_api_start\winapishootor\winapishootor_step2\winapishootor\x64\debug\cenemy.obj
c:\users\user\documents\github\client_nowon_1800_2000\win_api_start\winapishootor\winapishootor_step2\winapishootor\x64\debug\cbullet.obj
c:\users\user\documents\github\client_nowon_1800_2000\win_api_start\winapishootor\winapishootor_step2\winapishootor\x64\debug\cactor.obj
c:\users\user\documents\github\client_nowon_1800_2000\win_api_start\winapishootor\winapishootor_step3\winapishootor\x64\debug\vc143.pdb
c:\users\user\documents\github\client_nowon_1800_2000\win_api_start\winapishootor\winapishootor_step3\winapishootor\x64\debug\vc143.idb
c:\users\user\documents\github\client_nowon_1800_2000\win_api_start\winapishootor\winapishootor_step3\winapishootor\x64\debug\main.obj
c:\users\user\documents\github\client_nowon_1800_2000\win_api_start\winapishootor\winapishootor_step3\winapishootor\x64\debug\cenemy.obj
c:\users\user\documents\github\client_nowon_1800_2000\win_api_start\winapishootor\winapishootor_step3\winapishootor\x64\debug\cbullet.obj
c:\users\user\documents\github\client_nowon_1800_2000\win_api_start\winapishootor\winapishootor_step3\winapishootor\x64\debug\cactor.obj
c:\users\user\documents\github\client_nowon_1800_2000\win_api_start\winapishootor\winapishootor_step4\winapishootor\x64\debug\vc143.pdb
c:\users\user\documents\github\client_nowon_1800_2000\win_api_start\winapishootor\winapishootor_step4\winapishootor\x64\debug\vc143.idb
c:\users\user\documents\github\client_nowon_1800_2000\win_api_start\winapishootor\winapishootor_step4\winapishootor\x64\debug\main.obj
c:\users\user\documents\github\client_nowon_1800_2000\win_api_start\winapishootor\winapishootor_step4\winapishootor\x64\debug\cenemy.obj
c:\users\user\documents\github\client_nowon_1800_2000\win_api_start\winapishootor\winapishootor_step4\winapishootor\x64\debug\cbullet.obj
c:\users\user\documents\github\client_nowon_1800_2000\win_api_start\winapishootor\winapishootor_step4\winapishootor\x64\debug\cactor.obj
c:\users\user\documents\github\client_nowon_1800_2000\win_api_start\winapishootor\winapishootor_step5\winapishootor\x64\debug\vc143.pdb
c:\users\user\documents\github\client_nowon_1800_2000\win_api_start\winapishootor\winapishootor_step5\winapishootor\x64\debug\vc143.idb
c:\users\user\documents\github\client_nowon_1800_2000\win_api_start\winapishootor\winapishootor_step5\winapishootor\x64\debug\cenemy.obj
c:\users\user\documents\github\client_nowon_1800_2000\win_api_start\winapishootor\winapishootor_step5\winapishootor\x64\debug\cbullet.obj
c:\users\user\documents\github\client_nowon_1800_2000\win_api_start\winapishootor\winapishootor_step5\winapishootor\x64\debug\cactor.obj
c:\users\user\documents\github\client_nowon_1800_2000\win_api_start\winapishootor\winapishootor_step5\winapishootor\x64\debug\main.obj
c:\users\user\documents\github\client_nowon_1800_2000\win_api_start\winapishootor\winapishootor_step6\winapishootor\x64\debug\vc143.pdb
c:\users\user\documents\github\client_nowon_1800_2000\win_api_start\winapishootor\winapishootor_step6\winapishootor\x64\debug\vc143.idb
c:\users\user\documents\github\client_nowon_1800_2000\win_api_start\winapishootor\winapishootor_step6\winapishootor\x64\debug\main.obj
c:\users\user\documents\github\client_nowon_1800_2000\win_api_start\winapishootor\winapishootor_step6\winapishootor\x64\debug\cenemy.obj
c:\users\user\documents\github\client_nowon_1800_2000\win_api_start\winapishootor\winapishootor_step6\winapishootor\x64\debug\cbullet.obj
c:\users\user\documents\github\client_nowon_1800_2000\win_api_start\winapishootor\winapishootor_step6\winapishootor\x64\debug\cactor.obj
c:\users\user\documents\github\client_nowon_1800_2000\win_api_start\winapishootor\winapishootor_step7\winapishootor\x64\debug\vc143.pdb
c:\users\user\documents\github\client_nowon_1800_2000\win_api_start\winapishootor\winapishootor_step7\winapishootor\x64\debug\vc143.idb
c:\users\user\documents\github\client_nowon_1800_2000\win_api_start\winapishootor\winapishootor_step7\winapishootor\x64\debug\main.obj
c:\users\user\documents\github\client_nowon_1800_2000\win_api_start\winapishootor\winapishootor_step7\winapishootor\x64\debug\cenemy.obj
c:\users\user\documents\github\client_nowon_1800_2000\win_api_start\winapishootor\winapishootor_step7\winapishootor\x64\debug\cbullet.obj
c:\users\user\documents\github\client_nowon_1800_2000\win_api_start\winapishootor\winapishootor_step7\winapishootor\x64\debug\cactor.obj
c:\users\user\documents\github\client_nowon_1800_2000\win_api_start\winapishootor\winapishootor_step8\winapishootor\x64\debug\vc143.pdb
c:\users\user\documents\github\client_nowon_1800_2000\win_api_start\winapishootor\winapishootor_step8\winapishootor\x64\debug\vc143.idb
c:\users\user\documents\github\client_nowon_1800_2000\win_api_start\winapishootor\winapishootor_step8\winapishootor\x64\debug\main.obj
c:\users\user\documents\github\client_nowon_1800_2000\win_api_start\winapishootor\winapishootor_step8\winapishootor\x64\debug\cenemy.obj
c:\users\user\documents\github\client_nowon_1800_2000\win_api_start\winapishootor\winapishootor_step8\winapishootor\x64\debug\cbullet.obj
c:\users\user\documents\github\client_nowon_1800_2000\win_api_start\winapishootor\winapishootor_step8\winapishootor\x64\debug\cactor.obj
c:\users\user\documents\github\client_nowon_1800_2000\win_api_start\winapishootor\winapishootor_step9\winapishootor\x64\debug\vc143.pdb
c:\users\user\documents\github\client_nowon_1800_2000\win_api_start\winapishootor\winapishootor_step9\winapishootor\x64\debug\vc143.idb
c:\users\user\documents\github\client_nowon_1800_2000\win_api_start\winapishootor\winapishootor_step9\winapishootor\x64\debug\cenemy.obj
c:\users\user\documents\github\client_nowon_1800_2000\win_api_start\winapishootor\winapishootor_step9\winapishootor\x64\debug\cbullet.obj
c:\users\user\documents\github\client_nowon_1800_2000\win_api_start\winapishootor\winapishootor_step9\winapishootor\x64\debug\cactor.obj
c:\users\user\documents\github\client_nowon_1800_2000\win_api_start\winapishootor\winapishootor_step9\winapishootor\x64\debug\main.obj
c:\users\user\documents\github\client_nowon_1800_2000\win_api_start\winapishootor\winapishootor_step10\winapishootor\x64\debug\vc143.pdb
c:\users\user\documents\github\client_nowon_1800_2000\win_api_start\winapishootor\winapishootor_step10\winapishootor\x64\debug\vc143.idb
c:\users\user\documents\github\client_nowon_1800_2000\win_api_start\winapishootor\winapishootor_step10\winapishootor\x64\debug\main.obj
c:\users\user\documents\github\client_nowon_1800_2000\win_api_start\winapishootor\winapishootor_step10\winapishootor\x64\debug\cenemy.obj
c:\users\user\documents\github\client_nowon_1800_2000\win_api_start\winapishootor\winapishootor_step10\winapishootor\x64\debug\cbullet.obj
c:\users\user\documents\github\client_nowon_1800_2000\win_api_start\winapishootor\winapishootor_step10\winapishootor\x64\debug\cactor.obj
c:\users\user\documents\github\client_nowon_1800_2000\win_api_start\winapishootor\winapishootor_step11\winapishootor\x64\debug\vc143.pdb
c:\users\user\documents\github\client_nowon_1800_2000\win_api_start\winapishootor\winapishootor_step11\winapishootor\x64\debug\vc143.idb
c:\users\user\documents\github\client_nowon_1800_2000\win_api_start\winapishootor\winapishootor_step11\winapishootor\x64\debug\cenemy.obj
c:\users\user\documents\github\client_nowon_1800_2000\win_api_start\winapishootor\winapishootor_step11\winapishootor\x64\debug\cbullet.obj
c:\users\user\documents\github\client_nowon_1800_2000\win_api_start\winapishootor\winapishootor_step11\winapishootor\x64\debug\cactor.obj
c:\users\user\documents\github\client_nowon_1800_2000\win_api_start\winapishootor\winapishootor_step11\winapishootor\x64\debug\main.obj
c:\users\user\documents\github\client_nowon_1800_2000\win_api_start\winapishootor\winapishootor_step2\bin\winapishootor.exe
c:\users\user\documents\github\client_nowon_1800_2000\win_api_start\winapishootor\winapishootor_step2\winapishootor\x64\debug\winapishootor.ilk
c:\users\user\documents\github\client_nowon_1800_2000\win_api_start\winapishootor\winapishootor_step2\bin\winapishootor.pdb
c:\users\user\documents\github\client_nowon_1800_2000\win_api_start\winapishootor\winapishootor_step3\bin\winapishootor.exe
c:\users\user\documents\github\client_nowon_1800_2000\win_api_start\winapishootor\winapishootor_step3\winapishootor\x64\debug\winapishootor.ilk
c:\users\user\documents\github\client_nowon_1800_2000\win_api_start\winapishootor\winapishootor_step3\bin\winapishootor.pdb
c:\users\user\documents\github\client_nowon_1800_2000\win_api_start\winapishootor\winapishootor_step4\bin\winapishootor.exe
c:\users\user\documents\github\client_nowon_1800_2000\win_api_start\winapishootor\winapishootor_step4\winapishootor\x64\debug\winapishootor.ilk
c:\users\user\documents\github\client_nowon_1800_2000\win_api_start\winapishootor\winapishootor_step4\bin\winapishootor.pdb
c:\users\user\documents\github\client_nowon_1800_2000\win_api_start\winapishootor\winapishootor_step5\bin\winapishootor.exe
c:\users\user\documents\github\client_nowon_1800_2000\win_api_start\winapishootor\winapishootor_step5\winapishootor\x64\debug\winapishootor.ilk
c:\users\user\documents\github\client_nowon_1800_2000\win_api_start\winapishootor\winapishootor_step5\bin\winapishootor.pdb
c:\users\user\documents\github\client_nowon_1800_2000\win_api_start\winapishootor\winapishootor_step6\bin\winapishootor.exe
c:\users\user\documents\github\client_nowon_1800_2000\win_api_start\winapishootor\winapishootor_step6\winapishootor\x64\debug\winapishootor.ilk
c:\users\user\documents\github\client_nowon_1800_2000\win_api_start\winapishootor\winapishootor_step6\bin\winapishootor.pdb
c:\users\user\documents\github\client_nowon_1800_2000\win_api_start\winapishootor\winapishootor_step7\bin\winapishootor.exe
c:\users\user\documents\github\client_nowon_1800_2000\win_api_start\winapishootor\winapishootor_step7\winapishootor\x64\debug\winapishootor.ilk
c:\users\user\documents\github\client_nowon_1800_2000\win_api_start\winapishootor\winapishootor_step7\bin\winapishootor.pdb
c:\users\user\documents\github\client_nowon_1800_2000\win_api_start\winapishootor\winapishootor_step8\bin\winapishootor.exe
c:\users\user\documents\github\client_nowon_1800_2000\win_api_start\winapishootor\winapishootor_step8\winapishootor\x64\debug\winapishootor.ilk
c:\users\user\documents\github\client_nowon_1800_2000\win_api_start\winapishootor\winapishootor_step8\bin\winapishootor.pdb
c:\users\user\documents\github\client_nowon_1800_2000\win_api_start\winapishootor\winapishootor_step9\bin\winapishootor.exe
c:\users\user\documents\github\client_nowon_1800_2000\win_api_start\winapishootor\winapishootor_step9\winapishootor\x64\debug\winapishootor.ilk
c:\users\user\documents\github\client_nowon_1800_2000\win_api_start\winapishootor\winapishootor_step9\bin\winapishootor.pdb
c:\users\user\documents\github\client_nowon_1800_2000\win_api_start\winapishootor\winapishootor_step10\winapishootor\x64\debug\winapishootor.ilk
c:\users\user\documents\github\client_nowon_1800_2000\win_api_start\winapishootor\winapishootor_step10\bin\winapishootor.exe
c:\users\user\documents\github\client_nowon_1800_2000\win_api_start\winapishootor\winapishootor_step10\bin\winapishootor.pdb
c:\users\user\documents\github\client_nowon_1800_2000\win_api_start\winapishootor\winapishootor_step11\bin\winapishootor.exe
c:\users\user\documents\github\client_nowon_1800_2000\win_api_start\winapishootor\winapishootor_step11\winapishootor\x64\debug\winapishootor.ilk
c:\users\user\documents\github\client_nowon_1800_2000\win_api_start\winapishootor\winapishootor_step11\bin\winapishootor.pdb
c:\users\user\documents\github\client_nowon_1800_2000\win_api_start\winapishootor\winapishootor_step11\winapishootor\x64\debug\winapishootor.tlog\cl.command.1.tlog
c:\users\user\documents\github\client_nowon_1800_2000\win_api_start\winapishootor\winapishootor_step11\winapishootor\x64\debug\winapishootor.tlog\cl.read.1.tlog
c:\users\user\documents\github\client_nowon_1800_2000\win_api_start\winapishootor\winapishootor_step11\winapishootor\x64\debug\winapishootor.tlog\cl.write.1.tlog
c:\users\user\documents\github\client_nowon_1800_2000\win_api_start\winapishootor\winapishootor_step11\winapishootor\x64\debug\winapishootor.tlog\link.command.1.tlog
c:\users\user\documents\github\client_nowon_1800_2000\win_api_start\winapishootor\winapishootor_step11\winapishootor\x64\debug\winapishootor.tlog\link.read.1.tlog
c:\users\user\documents\github\client_nowon_1800_2000\win_api_start\winapishootor\winapishootor_step11\winapishootor\x64\debug\winapishootor.tlog\link.write.1.tlog
