c:\users\user\documents\github\client_nowon_1800_2000\win_api_start\winapi_engine_step13\x64\debug\vc143.pdb
c:\users\user\documents\github\client_nowon_1800_2000\win_api_start\winapi_engine_step13\x64\debug\vc143.idb
c:\users\user\documents\github\client_nowon_1800_2000\win_api_start\winapi_engine_step13\x64\debug\svector2d.obj
c:\users\user\documents\github\client_nowon_1800_2000\win_api_start\winapi_engine_step13\x64\debug\main.obj
c:\users\user\documents\github\client_nowon_1800_2000\win_api_start\winapi_engine_step13\x64\debug\cunit.obj
c:\users\user\documents\github\client_nowon_1800_2000\win_api_start\winapi_engine_step13\x64\debug\ctexture.obj
c:\users\user\documents\github\client_nowon_1800_2000\win_api_start\winapi_engine_step13\x64\debug\cref.obj
c:\users\user\documents\github\client_nowon_1800_2000\win_api_start\winapi_engine_step13\x64\debug\cobjectapi.obj
c:\users\user\documents\github\client_nowon_1800_2000\win_api_start\winapi_engine_step13\x64\debug\cinputmgr.obj
c:\users\user\documents\github\client_nowon_1800_2000\win_api_start\winapi_engine_step13\x64\debug\capi_engine.obj
c:\users\user\documents\github\client_nowon_1800_2000\win_api_start\winapi_engine_step13\x64\debug\winapi_engine_step13.ilk
c:\users\user\documents\github\client_nowon_1800_2000\win_api_start\x64\debug\winapi_engine_step13.exe
c:\users\user\documents\github\client_nowon_1800_2000\win_api_start\x64\debug\winapi_engine_step13.pdb
c:\users\user\documents\github\client_nowon_1800_2000\win_api_start\winapi_engine_step13\x64\debug\winapi_engine_step0.res
c:\users\user\documents\github\client_nowon_1800_2000\win_api_start\winapi_engine_step13\x64\debug\winapi_e.29b32b0d.tlog\cl.command.1.tlog
c:\users\user\documents\github\client_nowon_1800_2000\win_api_start\winapi_engine_step13\x64\debug\winapi_e.29b32b0d.tlog\cl.read.1.tlog
c:\users\user\documents\github\client_nowon_1800_2000\win_api_start\winapi_engine_step13\x64\debug\winapi_e.29b32b0d.tlog\cl.write.1.tlog
c:\users\user\documents\github\client_nowon_1800_2000\win_api_start\winapi_engine_step13\x64\debug\winapi_e.29b32b0d.tlog\link.command.1.tlog
c:\users\user\documents\github\client_nowon_1800_2000\win_api_start\winapi_engine_step13\x64\debug\winapi_e.29b32b0d.tlog\link.read.1.tlog
c:\users\user\documents\github\client_nowon_1800_2000\win_api_start\winapi_engine_step13\x64\debug\winapi_e.29b32b0d.tlog\link.write.1.tlog
c:\users\user\documents\github\client_nowon_1800_2000\win_api_start\winapi_engine_step13\x64\debug\winapi_e.29b32b0d.tlog\rc.command.1.tlog
c:\users\user\documents\github\client_nowon_1800_2000\win_api_start\winapi_engine_step13\x64\debug\winapi_e.29b32b0d.tlog\rc.read.1.tlog
c:\users\user\documents\github\client_nowon_1800_2000\win_api_start\winapi_engine_step13\x64\debug\winapi_e.29b32b0d.tlog\rc.write.1.tlog
