c:\users\user\documents\github\client_nowon_1800_2000\winapi\winapimatchpuzzle\winapimatchpuzzle_step4\winapimatchpuzzle\x64\debug\vc143.pdb
c:\users\user\documents\github\client_nowon_1800_2000\winapi\winapimatchpuzzle\winapimatchpuzzle_step4\winapimatchpuzzle\x64\debug\vc143.idb
c:\users\user\documents\github\client_nowon_1800_2000\winapi\winapimatchpuzzle\winapimatchpuzzle_step4\winapimatchpuzzle\x64\debug\main.obj
c:\users\user\documents\github\client_nowon_1800_2000\winapi\winapimatchpuzzle\winapimatchpuzzle_step4\winapimatchpuzzle\x64\debug\cselect.obj
c:\users\user\documents\github\client_nowon_1800_2000\winapi\winapimatchpuzzle\winapimatchpuzzle_step4\winapimatchpuzzle\x64\debug\cpiece.obj
c:\users\user\documents\github\client_nowon_1800_2000\winapi\winapimatchpuzzle\winapimatchpuzzle_step5\winapimatchpuzzle\x64\debug\vc143.pdb
c:\users\user\documents\github\client_nowon_1800_2000\winapi\winapimatchpuzzle\winapimatchpuzzle_step5\winapimatchpuzzle\x64\debug\vc143.idb
c:\users\user\documents\github\client_nowon_1800_2000\winapi\winapimatchpuzzle\winapimatchpuzzle_step5\winapimatchpuzzle\x64\debug\cselect.obj
c:\users\user\documents\github\client_nowon_1800_2000\winapi\winapimatchpuzzle\winapimatchpuzzle_step5\winapimatchpuzzle\x64\debug\cpiece.obj
c:\users\user\documents\github\client_nowon_1800_2000\winapi\winapimatchpuzzle\winapimatchpuzzle_step5\winapimatchpuzzle\x64\debug\main.obj
c:\users\user\documents\github\client_nowon_1800_2000\winapi\winapimatchpuzzle\winapimatchpuzzle_step4\bin\winapimatchpuzzle.exe
c:\users\user\documents\github\client_nowon_1800_2000\winapi\winapimatchpuzzle\winapimatchpuzzle_step4\winapimatchpuzzle\x64\debug\winapimatchpuzzle.ilk
c:\users\user\documents\github\client_nowon_1800_2000\winapi\winapimatchpuzzle\winapimatchpuzzle_step4\bin\winapimatchpuzzle.pdb
c:\users\user\documents\github\client_nowon_1800_2000\winapi\winapimatchpuzzle\winapimatchpuzzle_step5\bin\winapimatchpuzzle.exe
c:\users\user\documents\github\client_nowon_1800_2000\winapi\winapimatchpuzzle\winapimatchpuzzle_step5\winapimatchpuzzle\x64\debug\winapimatchpuzzle.ilk
c:\users\user\documents\github\client_nowon_1800_2000\winapi\winapimatchpuzzle\winapimatchpuzzle_step5\bin\winapimatchpuzzle.pdb
c:\users\user\documents\github\client_nowon_1800_2000\winapi\winapimatchpuzzle\winapimatchpuzzle_step5\winapimatchpuzzle\x64\debug\winapima.d31f4984.tlog\cl.command.1.tlog
c:\users\user\documents\github\client_nowon_1800_2000\winapi\winapimatchpuzzle\winapimatchpuzzle_step5\winapimatchpuzzle\x64\debug\winapima.d31f4984.tlog\cl.read.1.tlog
c:\users\user\documents\github\client_nowon_1800_2000\winapi\winapimatchpuzzle\winapimatchpuzzle_step5\winapimatchpuzzle\x64\debug\winapima.d31f4984.tlog\cl.write.1.tlog
c:\users\user\documents\github\client_nowon_1800_2000\winapi\winapimatchpuzzle\winapimatchpuzzle_step5\winapimatchpuzzle\x64\debug\winapima.d31f4984.tlog\link.command.1.tlog
c:\users\user\documents\github\client_nowon_1800_2000\winapi\winapimatchpuzzle\winapimatchpuzzle_step5\winapimatchpuzzle\x64\debug\winapima.d31f4984.tlog\link.read.1.tlog
c:\users\user\documents\github\client_nowon_1800_2000\winapi\winapimatchpuzzle\winapimatchpuzzle_step5\winapimatchpuzzle\x64\debug\winapima.d31f4984.tlog\link.write.1.tlog
