c:\users\user\documents\github\client_nowon_1800_2000\directx\dxtutobegin\dxtutobegin_step3_depthbuffer\dxtutobegin\x64\debug\vc143.pdb
c:\users\user\documents\github\client_nowon_1800_2000\directx\dxtutobegin\dxtutobegin_step3_depthbuffer\dxtutobegin\x64\debug\vc143.idb
c:\users\user\documents\github\client_nowon_1800_2000\directx\dxtutobegin\dxtutobegin_step3_depthbuffer\dxtutobegin\x64\debug\main.obj
c:\users\user\documents\github\client_nowon_1800_2000\directx\dxtutobegin\dxtutobegin_step3_depthbuffer\dxtutobegin\x64\debug\cdx_engine.obj
c:\users\user\documents\github\client_nowon_1800_2000\directx\dxtutobegin\dxtutobegin_step3_depthbuffer\x64\debug\pixelshader.cso
c:\users\user\documents\github\client_nowon_1800_2000\directx\dxtutobegin\dxtutobegin_step3_depthbuffer\x64\debug\vertexshader.cso
c:\users\user\documents\github\client_nowon_1800_2000\directx\dxtutobegin\dxtutobegin_step3_depthbuffer\x64\debug\dxtutobegin.exe
c:\users\user\documents\github\client_nowon_1800_2000\directx\dxtutobegin\dxtutobegin_step3_depthbuffer\dxtutobegin\x64\debug\dxtutobegin.ilk
c:\users\user\documents\github\client_nowon_1800_2000\directx\dxtutobegin\dxtutobegin_step3_depthbuffer\x64\debug\dxtutobegin.pdb
c:\users\user\documents\github\client_nowon_1800_2000\directx\dxtutobegin\dxtutobegin_step4_light\dxtutobegin\x64\debug\cdx_engine.obj
c:\users\user\documents\github\client_nowon_1800_2000\directx\dxtutobegin\dxtutobegin_step4_light\dxtutobegin\x64\debug\main.obj
c:\users\user\documents\github\client_nowon_1800_2000\directx\dxtutobegin\dxtutobegin_step4_light\dxtutobegin\x64\debug\dxtutobegin.ilk
c:\users\user\documents\github\client_nowon_1800_2000\directx\dxtutobegin\dxtutobegin_step4_light\dxtutobegin\x64\debug\vc143.idb
c:\users\user\documents\github\client_nowon_1800_2000\directx\dxtutobegin\dxtutobegin_step4_light\dxtutobegin\x64\debug\vc143.pdb
c:\users\user\documents\github\client_nowon_1800_2000\directx\dxtutobegin\dxtutobegin_step4_light\x64\debug\dxtutobegin.pdb
c:\users\user\documents\github\client_nowon_1800_2000\directx\dxtutobegin\dxtutobegin_step4_light\x64\debug\dxtutobegin.exe
c:\users\user\documents\github\client_nowon_1800_2000\directx\dxtutobegin\dxtutobegin_step4_light\dxtutobegin\x64\debug\dxtutobegin.tlog\cl.command.1.tlog
c:\users\user\documents\github\client_nowon_1800_2000\directx\dxtutobegin\dxtutobegin_step4_light\dxtutobegin\x64\debug\dxtutobegin.tlog\cl.read.1.tlog
c:\users\user\documents\github\client_nowon_1800_2000\directx\dxtutobegin\dxtutobegin_step4_light\dxtutobegin\x64\debug\dxtutobegin.tlog\cl.write.1.tlog
c:\users\user\documents\github\client_nowon_1800_2000\directx\dxtutobegin\dxtutobegin_step4_light\dxtutobegin\x64\debug\dxtutobegin.tlog\fxc.command.1.tlog
c:\users\user\documents\github\client_nowon_1800_2000\directx\dxtutobegin\dxtutobegin_step4_light\dxtutobegin\x64\debug\dxtutobegin.tlog\fxc.read.1.tlog
c:\users\user\documents\github\client_nowon_1800_2000\directx\dxtutobegin\dxtutobegin_step4_light\dxtutobegin\x64\debug\dxtutobegin.tlog\fxc.write.1.tlog
c:\users\user\documents\github\client_nowon_1800_2000\directx\dxtutobegin\dxtutobegin_step4_light\dxtutobegin\x64\debug\dxtutobegin.tlog\link.command.1.tlog
c:\users\user\documents\github\client_nowon_1800_2000\directx\dxtutobegin\dxtutobegin_step4_light\dxtutobegin\x64\debug\dxtutobegin.tlog\link.read.1.tlog
c:\users\user\documents\github\client_nowon_1800_2000\directx\dxtutobegin\dxtutobegin_step4_light\dxtutobegin\x64\debug\dxtutobegin.tlog\link.write.1.tlog
